This file contains any messages produced by compilers while
running configure, to aid debugging if configure makes a mistake.

configure:574: checking for a BSD compatible install
configure:627: checking whether build environment is sane
configure:684: checking whether make sets ${MAKE}
configure:730: checking for working aclocal
configure:743: checking for working autoconf
configure:756: checking for working automake
configure:769: checking for working autoheader
configure:782: checking for working makeinfo
configure:802: checking for gcc
configure:915: checking whether the C compiler (gcc  ) works
configure:931: gcc -o conftest    conftest.c  1>&5
configure:957: checking whether the C compiler (gcc  ) is a cross-compiler
configure:962: checking whether we are using GNU C
configure:990: checking whether gcc accepts -g
configure:1022: checking for POSIXized ISC
configure:1045: checking for gcc
configure:1158: checking whether the C compiler (gcc -g -O2 ) works
configure:1174: gcc -o conftest -g -O2   conftest.c  1>&5
configure:1200: checking whether the C compiler (gcc -g -O2 ) is a cross-compiler
configure:1205: checking whether we are using GNU C
configure:1233: checking whether gcc accepts -g
configure:1268: checking for gcc option to accept ANSI C
configure:1345: checking how to run the C preprocessor
configure:1425: checking for ANSI C header files
configure:1529: checking how to run the C preprocessor
configure:1613: checking for c++
configure:1645: checking whether the C++ compiler (c++  ) works
configure:1661: c++ -o conftest    conftest.C  1>&5
configure:1687: checking whether the C++ compiler (c++  ) is a cross-compiler
configure:1692: checking whether we are using GNU C++
configure:1720: checking whether c++ accepts -g
configure:1752: checking how to run the C++ preprocessor
configure:1870: checking host system type
configure:1891: checking build system type
configure:1911: checking for ranlib
configure:1950: checking for ld used by GCC
configure:2012: checking if the linker (/usr/i486-suse-linux/bin/ld) is GNU ld
configure:2028: checking for BSD-compatible nm
configure:2064: checking whether ln -s works
ltconfig:603: checking for object suffix
ltconfig:604: gcc -c -g -O2  conftest.c 1>&5
ltconfig:776: checking if gcc PIC flag -fPIC works
ltconfig:777: gcc -c -g -O2 -fPIC -DPIC  conftest.c 1>&5
ltconfig:829: checking if gcc supports -c -o file.o
ltconfig:830: gcc -c -g -O2 -o out/conftest2.o  conftest.c 1>&5
ltconfig:862: checking if gcc supports -c -o file.lo
ltconfig:863: gcc -c -g -O2 -c -o conftest.lo  conftest.c 1>&5
ltconfig:914: checking if gcc supports -fno-rtti -fno-exceptions
ltconfig:915: gcc -c -g -O2 -fno-rtti -fno-exceptions -c conftest.c  conftest.c 1>&5
ltconfig:958: checking if gcc static flag -static works
ltconfig:959: gcc -o conftest -g -O2   -static conftest.c  1>&5
GNU ld version 2.9.5 (with BFD 2.9.5.0.24)
ltconfig:1635: checking if global_symbol_pipe works
ltconfig:1636: gcc -c -g -O2  conftest.c 1>&5
ltconfig:1639: eval "/usr/bin/nm -B conftest.o | sed -n -e 's/^.*[ 	]\([ABCDGISTW]\)[ 	][ 	]*\(\)\([_A-Za-z][_A-Za-z0-9]*\)$/\1 \2\3 \3/p' > conftest.nm"
ltconfig:1691: gcc -o conftest -g -O2 -fno-builtin -fno-rtti -fno-exceptions   conftest.c conftstm.o 1>&5
configure:2298: checking for gtkmm-config
configure:2334: checking for GTK-- - version >= 1.2.4
configure:2448: c++ -o conftest -g -O2 -I/usr/local/lib/gtkmm/include -I/usr/local/include -I/usr/local/lib/glib/include -I/usr/X11R6/include -I/usr/local/lib/sigc++/include   conftest.C  -rdynamic -L/usr/local/lib -L/usr/X11R6/lib -lgtkmm -lgdkmm -lgtk -lgdk -lgmodule -lglib -ldl -lXext -lX11 -lm -lsigc -lpthread 1>&5
